<?xml version="1.0" encoding="UTF-8"?>
<!-- Generated by org.testng.reporters.JUnitReportReporter -->
<testsuite hostname="Uvarajashanmugams-MacBook-Pro.local" failures="0" tests="2" name="Scrapingdata.ScrapeJobData" time="18.422" errors="0" timestamp="2023-04-18T14:39:26 EDT" skipped="0">
  <testcase classname="Scrapingdata.ScrapeJobData" name="pagination" time="1.071"/>
  <system-out/>
  <testcase classname="Scrapingdata.ScrapeJobData" name="launchBrowser" time="17.351"/>
  <system-out/>
</testsuite> <!-- Scrapingdata.ScrapeJobData -->
