<?xml version="1.0" encoding="UTF-8"?>
<!-- Generated by org.testng.reporters.JUnitReportReporter -->
<testsuite hostname="Uvarajashanmugams-MacBook-Pro.local" failures="0" tests="1" name="Scrapingdata.RecipeScraping" time="1.730" errors="0" timestamp="2023-04-25T14:08:36 EDT" skipped="0">
  <testcase classname="Scrapingdata.RecipeScraping" name="eliminatingRecipes" time="1.730"/>
  <system-out/>
</testsuite> <!-- Scrapingdata.RecipeScraping -->
